<?xml version="1.0" encoding="UTF-8"?>
<testsuite xmlns:xsi="http://www.w3.org/2001/XMLSchema-instance" xsi:noNamespaceSchemaLocation="https://maven.apache.org/surefire/maven-surefire-plugin/xsd/surefire-test-report.xsd" name="TestSuite" time="183.205" tests="6" errors="0" skipped="0" failures="5">
  <properties>
    <property name="sun.desktop" value="windows"/>
    <property name="awt.toolkit" value="sun.awt.windows.WToolkit"/>
    <property name="jdk.extensions.version" value="8.0.202.1"/>
    <property name="file.encoding.pkg" value="sun.io"/>
    <property name="java.specification.version" value="1.8"/>
    <property name="sun.jnu.encoding" value="Cp1252"/>
    <property name="java.class.path" value="C:\Users\dikshit.bangera\eclipse-workspace\inetbankingV1\target\test-classes;C:\Users\dikshit.bangera\eclipse-workspace\inetbankingV1\target\classes;C:\Users\dikshit.bangera\.m2\repository\junit\junit\4.11\junit-4.11.jar;C:\Users\dikshit.bangera\.m2\repository\org\hamcrest\hamcrest-core\1.3\hamcrest-core-1.3.jar;C:\Users\dikshit.bangera\.m2\repository\org\seleniumhq\selenium\selenium-java\3.141.59\selenium-java-3.141.59.jar;C:\Users\dikshit.bangera\.m2\repository\org\seleniumhq\selenium\selenium-api\3.141.59\selenium-api-3.141.59.jar;C:\Users\dikshit.bangera\.m2\repository\org\seleniumhq\selenium\selenium-chrome-driver\3.141.59\selenium-chrome-driver-3.141.59.jar;C:\Users\dikshit.bangera\.m2\repository\org\seleniumhq\selenium\selenium-edge-driver\3.141.59\selenium-edge-driver-3.141.59.jar;C:\Users\dikshit.bangera\.m2\repository\org\seleniumhq\selenium\selenium-firefox-driver\3.141.59\selenium-firefox-driver-3.141.59.jar;C:\Users\dikshit.bangera\.m2\repository\org\seleniumhq\selenium\selenium-ie-driver\3.141.59\selenium-ie-driver-3.141.59.jar;C:\Users\dikshit.bangera\.m2\repository\org\seleniumhq\selenium\selenium-opera-driver\3.141.59\selenium-opera-driver-3.141.59.jar;C:\Users\dikshit.bangera\.m2\repository\org\seleniumhq\selenium\selenium-remote-driver\3.141.59\selenium-remote-driver-3.141.59.jar;C:\Users\dikshit.bangera\.m2\repository\org\seleniumhq\selenium\selenium-safari-driver\3.141.59\selenium-safari-driver-3.141.59.jar;C:\Users\dikshit.bangera\.m2\repository\org\seleniumhq\selenium\selenium-support\3.141.59\selenium-support-3.141.59.jar;C:\Users\dikshit.bangera\.m2\repository\net\bytebuddy\byte-buddy\1.8.15\byte-buddy-1.8.15.jar;C:\Users\dikshit.bangera\.m2\repository\org\apache\commons\commons-exec\1.3\commons-exec-1.3.jar;C:\Users\dikshit.bangera\.m2\repository\com\google\guava\guava\25.0-jre\guava-25.0-jre.jar;C:\Users\dikshit.bangera\.m2\repository\com\google\code\findbugs\jsr305\1.3.9\jsr305-1.3.9.jar;C:\Users\dikshit.bangera\.m2\repository\org\checkerframework\checker-compat-qual\2.0.0\checker-compat-qual-2.0.0.jar;C:\Users\dikshit.bangera\.m2\repository\com\google\errorprone\error_prone_annotations\2.1.3\error_prone_annotations-2.1.3.jar;C:\Users\dikshit.bangera\.m2\repository\com\google\j2objc\j2objc-annotations\1.1\j2objc-annotations-1.1.jar;C:\Users\dikshit.bangera\.m2\repository\org\codehaus\mojo\animal-sniffer-annotations\1.14\animal-sniffer-annotations-1.14.jar;C:\Users\dikshit.bangera\.m2\repository\com\squareup\okhttp3\okhttp\3.11.0\okhttp-3.11.0.jar;C:\Users\dikshit.bangera\.m2\repository\com\squareup\okio\okio\1.14.0\okio-1.14.0.jar;C:\Users\dikshit.bangera\.m2\repository\org\testng\testng\7.0.0\testng-7.0.0.jar;C:\Users\dikshit.bangera\.m2\repository\com\beust\jcommander\1.72\jcommander-1.72.jar;C:\Users\dikshit.bangera\.m2\repository\org\apache\poi\poi\4.1.0\poi-4.1.0.jar;C:\Users\dikshit.bangera\.m2\repository\commons-codec\commons-codec\1.12\commons-codec-1.12.jar;C:\Users\dikshit.bangera\.m2\repository\org\apache\commons\commons-collections4\4.3\commons-collections4-4.3.jar;C:\Users\dikshit.bangera\.m2\repository\org\apache\commons\commons-math3\3.6.1\commons-math3-3.6.1.jar;C:\Users\dikshit.bangera\.m2\repository\org\apache\poi\poi-ooxml\4.1.0\poi-ooxml-4.1.0.jar;C:\Users\dikshit.bangera\.m2\repository\org\apache\poi\poi-ooxml-schemas\4.1.0\poi-ooxml-schemas-4.1.0.jar;C:\Users\dikshit.bangera\.m2\repository\org\apache\xmlbeans\xmlbeans\3.1.0\xmlbeans-3.1.0.jar;C:\Users\dikshit.bangera\.m2\repository\org\apache\commons\commons-compress\1.18\commons-compress-1.18.jar;C:\Users\dikshit.bangera\.m2\repository\com\github\virtuald\curvesapi\1.06\curvesapi-1.06.jar;C:\Users\dikshit.bangera\.m2\repository\com\aventstack\extentreports\4.1.5\extentreports-4.1.5.jar;C:\Users\dikshit.bangera\.m2\repository\org\freemarker\freemarker\2.3.29\freemarker-2.3.29.jar;C:\Users\dikshit.bangera\.m2\repository\org\apache\httpcomponents\httpclient\4.5.2\httpclient-4.5.2.jar;C:\Users\dikshit.bangera\.m2\repository\org\apache\httpcomponents\httpcore\4.4.4\httpcore-4.4.4.jar;C:\Users\dikshit.bangera\.m2\repository\commons-logging\commons-logging\1.2\commons-logging-1.2.jar;C:\Users\dikshit.bangera\.m2\repository\org\apache\httpcomponents\httpmime\4.5.2\httpmime-4.5.2.jar;C:\Users\dikshit.bangera\.m2\repository\com\google\code\gson\gson\2.8.6\gson-2.8.6.jar;C:\Users\dikshit.bangera\.m2\repository\org\mongodb\mongodb-driver\3.12.0\mongodb-driver-3.12.0.jar;C:\Users\dikshit.bangera\.m2\repository\org\mongodb\mongodb-driver-core\3.12.0\mongodb-driver-core-3.12.0.jar;C:\Users\dikshit.bangera\.m2\repository\org\mongodb\bson\3.12.0\bson-3.12.0.jar;C:\Users\dikshit.bangera\.m2\repository\commons-io\commons-io\1.3.2\commons-io-1.3.2.jar;C:\Users\dikshit.bangera\.m2\repository\org\apache\commons\commons-lang3\3.9\commons-lang3-3.9.jar;C:\Users\dikshit.bangera\.m2\repository\log4j\log4j\1.2.16\log4j-1.2.16.jar;"/>
    <property name="java.vm.vendor" value="Eclipse OpenJ9"/>
    <property name="com.ibm.zero.version" value="2"/>
    <property name="sun.arch.data.model" value="64"/>
    <property name="com.ibm.vm.bitmode" value="64"/>
    <property name="user.variant" value=""/>
    <property name="com.ibm.oti.vm.library.version" value="29"/>
    <property name="java.vendor.url" value="http://www.eclipse.org/openj9"/>
    <property name="user.timezone" value="Asia/Calcutta"/>
    <property name="os.name" value="Windows 10"/>
    <property name="java.vm.specification.version" value="1.8"/>
    <property name="sun.java.launcher" value="SUN_STANDARD"/>
    <property name="user.country" value="US"/>
    <property name="sun.boot.library.path" value="C:\Program Files\AdoptOpenJDK\jdk-8.0.202.08\jre\bin\compressedrefs;C:\Program Files\AdoptOpenJDK\jdk-8.0.202.08\jre\bin"/>
    <property name="sun.java.command" value="C:\Users\dikshit.bangera\AppData\Local\Temp\surefire6276131138625101845\surefirebooter7770163539878692021.jar C:\Users\dikshit.bangera\AppData\Local\Temp\surefire6276131138625101845 2020-05-04T23-14-26_334-jvmRun1 surefire6177471318369672712tmp surefire_03810318124288125626tmp"/>
    <property name="surefire.test.class.path" value="C:\Users\dikshit.bangera\eclipse-workspace\inetbankingV1\target\test-classes;C:\Users\dikshit.bangera\eclipse-workspace\inetbankingV1\target\classes;C:\Users\dikshit.bangera\.m2\repository\junit\junit\4.11\junit-4.11.jar;C:\Users\dikshit.bangera\.m2\repository\org\hamcrest\hamcrest-core\1.3\hamcrest-core-1.3.jar;C:\Users\dikshit.bangera\.m2\repository\org\seleniumhq\selenium\selenium-java\3.141.59\selenium-java-3.141.59.jar;C:\Users\dikshit.bangera\.m2\repository\org\seleniumhq\selenium\selenium-api\3.141.59\selenium-api-3.141.59.jar;C:\Users\dikshit.bangera\.m2\repository\org\seleniumhq\selenium\selenium-chrome-driver\3.141.59\selenium-chrome-driver-3.141.59.jar;C:\Users\dikshit.bangera\.m2\repository\org\seleniumhq\selenium\selenium-edge-driver\3.141.59\selenium-edge-driver-3.141.59.jar;C:\Users\dikshit.bangera\.m2\repository\org\seleniumhq\selenium\selenium-firefox-driver\3.141.59\selenium-firefox-driver-3.141.59.jar;C:\Users\dikshit.bangera\.m2\repository\org\seleniumhq\selenium\selenium-ie-driver\3.141.59\selenium-ie-driver-3.141.59.jar;C:\Users\dikshit.bangera\.m2\repository\org\seleniumhq\selenium\selenium-opera-driver\3.141.59\selenium-opera-driver-3.141.59.jar;C:\Users\dikshit.bangera\.m2\repository\org\seleniumhq\selenium\selenium-remote-driver\3.141.59\selenium-remote-driver-3.141.59.jar;C:\Users\dikshit.bangera\.m2\repository\org\seleniumhq\selenium\selenium-safari-driver\3.141.59\selenium-safari-driver-3.141.59.jar;C:\Users\dikshit.bangera\.m2\repository\org\seleniumhq\selenium\selenium-support\3.141.59\selenium-support-3.141.59.jar;C:\Users\dikshit.bangera\.m2\repository\net\bytebuddy\byte-buddy\1.8.15\byte-buddy-1.8.15.jar;C:\Users\dikshit.bangera\.m2\repository\org\apache\commons\commons-exec\1.3\commons-exec-1.3.jar;C:\Users\dikshit.bangera\.m2\repository\com\google\guava\guava\25.0-jre\guava-25.0-jre.jar;C:\Users\dikshit.bangera\.m2\repository\com\google\code\findbugs\jsr305\1.3.9\jsr305-1.3.9.jar;C:\Users\dikshit.bangera\.m2\repository\org\checkerframework\checker-compat-qual\2.0.0\checker-compat-qual-2.0.0.jar;C:\Users\dikshit.bangera\.m2\repository\com\google\errorprone\error_prone_annotations\2.1.3\error_prone_annotations-2.1.3.jar;C:\Users\dikshit.bangera\.m2\repository\com\google\j2objc\j2objc-annotations\1.1\j2objc-annotations-1.1.jar;C:\Users\dikshit.bangera\.m2\repository\org\codehaus\mojo\animal-sniffer-annotations\1.14\animal-sniffer-annotations-1.14.jar;C:\Users\dikshit.bangera\.m2\repository\com\squareup\okhttp3\okhttp\3.11.0\okhttp-3.11.0.jar;C:\Users\dikshit.bangera\.m2\repository\com\squareup\okio\okio\1.14.0\okio-1.14.0.jar;C:\Users\dikshit.bangera\.m2\repository\org\testng\testng\7.0.0\testng-7.0.0.jar;C:\Users\dikshit.bangera\.m2\repository\com\beust\jcommander\1.72\jcommander-1.72.jar;C:\Users\dikshit.bangera\.m2\repository\org\apache\poi\poi\4.1.0\poi-4.1.0.jar;C:\Users\dikshit.bangera\.m2\repository\commons-codec\commons-codec\1.12\commons-codec-1.12.jar;C:\Users\dikshit.bangera\.m2\repository\org\apache\commons\commons-collections4\4.3\commons-collections4-4.3.jar;C:\Users\dikshit.bangera\.m2\repository\org\apache\commons\commons-math3\3.6.1\commons-math3-3.6.1.jar;C:\Users\dikshit.bangera\.m2\repository\org\apache\poi\poi-ooxml\4.1.0\poi-ooxml-4.1.0.jar;C:\Users\dikshit.bangera\.m2\repository\org\apache\poi\poi-ooxml-schemas\4.1.0\poi-ooxml-schemas-4.1.0.jar;C:\Users\dikshit.bangera\.m2\repository\org\apache\xmlbeans\xmlbeans\3.1.0\xmlbeans-3.1.0.jar;C:\Users\dikshit.bangera\.m2\repository\org\apache\commons\commons-compress\1.18\commons-compress-1.18.jar;C:\Users\dikshit.bangera\.m2\repository\com\github\virtuald\curvesapi\1.06\curvesapi-1.06.jar;C:\Users\dikshit.bangera\.m2\repository\com\aventstack\extentreports\4.1.5\extentreports-4.1.5.jar;C:\Users\dikshit.bangera\.m2\repository\org\freemarker\freemarker\2.3.29\freemarker-2.3.29.jar;C:\Users\dikshit.bangera\.m2\repository\org\apache\httpcomponents\httpclient\4.5.2\httpclient-4.5.2.jar;C:\Users\dikshit.bangera\.m2\repository\org\apache\httpcomponents\httpcore\4.4.4\httpcore-4.4.4.jar;C:\Users\dikshit.bangera\.m2\repository\commons-logging\commons-logging\1.2\commons-logging-1.2.jar;C:\Users\dikshit.bangera\.m2\repository\org\apache\httpcomponents\httpmime\4.5.2\httpmime-4.5.2.jar;C:\Users\dikshit.bangera\.m2\repository\com\google\code\gson\gson\2.8.6\gson-2.8.6.jar;C:\Users\dikshit.bangera\.m2\repository\org\mongodb\mongodb-driver\3.12.0\mongodb-driver-3.12.0.jar;C:\Users\dikshit.bangera\.m2\repository\org\mongodb\mongodb-driver-core\3.12.0\mongodb-driver-core-3.12.0.jar;C:\Users\dikshit.bangera\.m2\repository\org\mongodb\bson\3.12.0\bson-3.12.0.jar;C:\Users\dikshit.bangera\.m2\repository\commons-io\commons-io\1.3.2\commons-io-1.3.2.jar;C:\Users\dikshit.bangera\.m2\repository\org\apache\commons\commons-lang3\3.9\commons-lang3-3.9.jar;C:\Users\dikshit.bangera\.m2\repository\log4j\log4j\1.2.16\log4j-1.2.16.jar;"/>
    <property name="sun.cpu.endian" value="little"/>
    <property name="user.home" value="C:\Users\dikshit.bangera"/>
    <property name="user.language" value="en"/>
    <property name="java.specification.vendor" value="Oracle Corporation"/>
    <property name="java.home" value="C:\Program Files\AdoptOpenJDK\jdk-8.0.202.08\jre"/>
    <property name="ibm.signalhandling.rs" value="false"/>
    <property name="file.separator" value="\"/>
    <property name="jdk.extensions.name" value="Extensions for OpenJDK for Eclipse OpenJ9"/>
    <property name="basedir" value="C:\Users\dikshit.bangera\eclipse-workspace\inetbankingV1"/>
    <property name="line.separator" value="&#10;"/>
    <property name="java.vm.specification.vendor" value="Oracle Corporation"/>
    <property name="java.specification.name" value="Java Platform API Specification"/>
    <property name="java.compiler" value="j9jit29"/>
    <property name="com.ibm.util.extralibs.properties" value=""/>
    <property name="java.awt.graphicsenv" value="sun.awt.Win32GraphicsEnvironment"/>
    <property name="com.ibm.oti.configuration" value="scar"/>
    <property name="java.awt.fonts" value=""/>
    <property name="surefire.real.class.path" value="C:\Users\dikshit.bangera\AppData\Local\Temp\surefire6276131138625101845\surefirebooter7770163539878692021.jar"/>
    <property name="com.ibm.oti.shared.enabled" value="false"/>
    <property name="sun.boot.class.path" value="C:\Program Files\AdoptOpenJDK\jdk-8.0.202.08\jre\bin\compressedrefs\jclSC180\vm.jar;C:\Program Files\AdoptOpenJDK\jdk-8.0.202.08\jre\lib\se-service.jar;C:\Program Files\AdoptOpenJDK\jdk-8.0.202.08\jre\lib\rt.jar;C:\Program Files\AdoptOpenJDK\jdk-8.0.202.08\jre\lib\resources.jar;C:\Program Files\AdoptOpenJDK\jdk-8.0.202.08\jre\lib\jsse.jar;C:\Program Files\AdoptOpenJDK\jdk-8.0.202.08\jre\lib\charsets.jar;C:\Program Files\AdoptOpenJDK\jdk-8.0.202.08\jre\lib\jce.jar"/>
    <property name="com.ibm.oti.vm.bootstrap.library.path" value="C:\Program Files\AdoptOpenJDK\jdk-8.0.202.08\jre\bin\compressedrefs;C:\Program Files\AdoptOpenJDK\jdk-8.0.202.08\jre\bin"/>
    <property name="com.ibm.cpu.endian" value="little"/>
    <property name="java.fullversion" value="1.8.0_202-b08&#10;JRE 1.8.0 Windows 10 amd64-64-Bit Compressed References 20190205_265 (JIT enabled, AOT enabled)&#10;OpenJ9   - 90dd8cb40&#10;OMR      - d2f4534b&#10;JCL      - d002501a90 based on jdk8u202-b08"/>
    <property name="java.runtime.version" value="1.8.0_202-b08"/>
    <property name="user.name" value="dikshit.bangera"/>
    <property name="path.separator" value=";"/>
    <property name="os.version" value="10.0"/>
    <property name="java.endorsed.dirs" value="C:\Program Files\AdoptOpenJDK\jdk-8.0.202.08\jre\lib\endorsed"/>
    <property name="java.runtime.name" value="OpenJDK Runtime Environment"/>
    <property name="ibm.signalhandling.sigint" value="true"/>
    <property name="file.encoding" value="Cp1252"/>
    <property name="java.vm.name" value="Eclipse OpenJ9 VM"/>
    <property name="ibm.signalhandling.sigchain" value="true"/>
    <property name="localRepository" value="C:\Users\dikshit.bangera\.m2\repository"/>
    <property name="java.io.tmpdir" value="C:\Users\dikshit.bangera\AppData\Local\Temp\"/>
    <property name="java.version" value="1.8.0_202"/>
    <property name="com.ibm.system.agent.path" value="C:\Program Files\AdoptOpenJDK\jdk-8.0.202.08\jre\bin"/>
    <property name="user.dir" value="C:\Users\dikshit.bangera\eclipse-workspace\inetbankingV1"/>
    <property name="os.arch" value="amd64"/>
    <property name="java.vm.specification.name" value="Java Virtual Machine Specification"/>
    <property name="java.awt.printerjob" value="sun.awt.windows.WPrinterJob"/>
    <property name="os.encoding" value="UTF8"/>
    <property name="java.library.path" value="C:\Program Files\AdoptOpenJDK\jdk-8.0.202.08\jre\bin\compressedrefs;C:\Program Files\AdoptOpenJDK\jdk-8.0.202.08\jre\bin;C:\windows\system32;C:\windows;C:/Program Files/AdoptOpenJDK/jdk-8.0.202.08/bin/../jre/bin/j9vm;C:/Program Files/AdoptOpenJDK/jdk-8.0.202.08/bin/../jre/bin;C:/Program Files/AdoptOpenJDK/jdk-8.0.202.08/bin/../jre/lib/amd64;C:\Program Files\AdoptOpenJDK\jdk-8.0.202.08\bin;C:\Program Files\AdoptOpenJDK\jre-8.0.202.08\bin;C:\windows\system32;C:\windows;C:\windows\System32\Wbem;C:\windows\System32\WindowsPowerShell\v1.0\;C:\windows\System32\OpenSSH\;C:\Program Files (x86)\Symantec\VIP Access Client\;C:\Users\dikshit.bangera\AppData\Local\Microsoft\WindowsApps;;C:\Users\dikshit.bangera\Desktop;;."/>
    <property name="java.vendor" value="Eclipse OpenJ9"/>
    <property name="java.vm.info" value="JRE 1.8.0 Windows 10 amd64-64-Bit Compressed References 20190205_265 (JIT enabled, AOT enabled)&#10;OpenJ9   - 90dd8cb40&#10;OMR      - d2f4534b&#10;JCL      - d002501a90 based on jdk8u202-b08"/>
    <property name="java.vm.version" value="openj9-0.12.1"/>
    <property name="com.ibm.jcl.checkClassPath" value=""/>
    <property name="ibm.system.encoding" value="Cp1252"/>
    <property name="sun.io.unicode.encoding" value="UnicodeLittle"/>
    <property name="java.ext.dirs" value="C:\Program Files\AdoptOpenJDK\jdk-8.0.202.08\jre\lib\ext"/>
    <property name="java.class.version" value="52.0"/>
  </properties>
  <testcase name="loginTest2" classname="com.inetbanking.testcases.TC_LoginPageTest_001" time="0.922">
    <failure type="junit.framework.AssertionFailedError">junit.framework.AssertionFailedError
	at com.inetbanking.testcases.TC_LoginPageTest_001.loginTest2(TC_LoginPageTest_001.java:79)
</failure>
    <system-out><![CDATA[log4j: reset attribute= "false".
log4j: Threshold ="null".
log4j: Level value for root is  [debug].
log4j: root level set to DEBUG
log4j: Class name: [org.apache.log4j.ConsoleAppender]
log4j: Setting property [target] to [System.out].
log4j: Parsing layout of class: "org.apache.log4j.PatternLayout"
log4j: Setting property [conversionPattern] to [%d{yyyy-MM-dd HH:mm:ss} %-5p %c{1}:%L - %m%n].
log4j: Adding appender named [console] to category [root].
log4j: Class name: [org.apache.log4j.RollingFileAppender]
log4j: Setting property [file] to [demoApplication.log].
log4j: Parsing layout of class: "org.apache.log4j.PatternLayout"
log4j: Setting property [conversionPattern] to [%d{yyyy-MM-dd HH:mm:ss} %-5p %c{1}:%L - %m%n].
log4j: setFile called: demoApplication.log, true
log4j: setFile ended
log4j: Adding appender named [fileAppender] to category [root].
Screenshot taken
]]></system-out>
    <system-err><![CDATA[Starting ChromeDriver 81.0.4044.69 (6813546031a4bc83f717a2ef7cd4ac6ec1199132-refs/branch-heads/4044@{#776}) on port 5146
Only local connections are allowed.
Please protect ports used by ChromeDriver and related test frameworks to prevent access by malicious code.
May 04, 2020 11:14:55 PM org.openqa.selenium.remote.ProtocolHandshake createSession
INFO: Detected dialect: W3C
Starting ChromeDriver 81.0.4044.69 (6813546031a4bc83f717a2ef7cd4ac6ec1199132-refs/branch-heads/4044@{#776}) on port 5662
Only local connections are allowed.
Please protect ports used by ChromeDriver and related test frameworks to prevent access by malicious code.
May 04, 2020 11:15:07 PM org.openqa.selenium.remote.ProtocolHandshake createSession
INFO: Detected dialect: W3C
[1588614311.830][SEVERE]: Timed out receiving message from renderer: 0.100
[1588614311.976][SEVERE]: Timed out receiving message from renderer: 0.100
[1588614312.083][SEVERE]: Timed out receiving message from renderer: 0.100
[1588614312.192][SEVERE]: Timed out receiving message from renderer: 0.100
[1588614312.308][SEVERE]: Timed out receiving message from renderer: 0.100
[1588614312.419][SEVERE]: Timed out receiving message from renderer: 0.100
[1588614312.530][SEVERE]: Timed out receiving message from renderer: 0.100
[1588614312.717][SEVERE]: Timed out receiving message from renderer: 0.100
[1588614312.837][SEVERE]: Timed out receiving message from renderer: 0.100
[1588614312.961][SEVERE]: Timed out receiving message from renderer: 0.100
[1588614313.089][SEVERE]: Timed out receiving message from renderer: 0.100
[1588614313.198][SEVERE]: Timed out receiving message from renderer: 0.100
[1588614313.309][SEVERE]: Timed out receiving message from renderer: 0.100
[1588614313.436][SEVERE]: Timed out receiving message from renderer: 0.100
[1588614313.540][SEVERE]: Timed out receiving message from renderer: 0.100
[1588614313.653][SEVERE]: Timed out receiving message from renderer: 0.100
[1588614313.760][SEVERE]: Timed out receiving message from renderer: 0.100
[1588614313.865][SEVERE]: Timed out receiving message from renderer: 0.100
[1588614313.971][SEVERE]: Timed out receiving message from renderer: 0.100
[1588614314.092][SEVERE]: Timed out receiving message from renderer: 0.100
[1588614314.213][SEVERE]: Timed out receiving message from renderer: 0.100
[1588614314.936][SEVERE]: Timed out receiving message from renderer: 0.100
[1588614315.046][SEVERE]: Timed out receiving message from renderer: 0.100
[1588614315.171][SEVERE]: Timed out receiving message from renderer: 0.100
[1588614315.285][SEVERE]: Timed out receiving message from renderer: 0.100
[1588614315.393][SEVERE]: Timed out receiving message from renderer: 0.100
[1588614315.499][SEVERE]: Timed out receiving message from renderer: 0.100
[1588614315.605][SEVERE]: Timed out receiving message from renderer: 0.100
[1588614315.723][SEVERE]: Timed out receiving message from renderer: 0.100
[1588614315.857][SEVERE]: Timed out receiving message from renderer: 0.100
[1588614315.979][SEVERE]: Timed out receiving message from renderer: 0.100
[1588614316.084][SEVERE]: Timed out receiving message from renderer: 0.100
[1588614316.219][SEVERE]: Timed out receiving message from renderer: 0.100
[1588614316.339][SEVERE]: Timed out receiving message from renderer: 0.100
[1588614316.895][SEVERE]: Timed out receiving message from renderer: 0.100
[1588614317.251][SEVERE]: Timed out receiving message from renderer: 0.100
[1588614317.447][SEVERE]: Timed out receiving message from renderer: 0.100
[1588614317.551][SEVERE]: Timed out receiving message from renderer: 0.100
[1588614317.668][SEVERE]: Timed out receiving message from renderer: 0.100
[1588614317.820][SEVERE]: Timed out receiving message from renderer: 0.100
[1588614317.949][SEVERE]: Timed out receiving message from renderer: 0.100
[1588614318.366][SEVERE]: Timed out receiving message from renderer: 0.100
[1588614318.471][SEVERE]: Timed out receiving message from renderer: 0.100
[1588614318.575][SEVERE]: Timed out receiving message from renderer: 0.100
[1588614318.683][SEVERE]: Timed out receiving message from renderer: 0.100
[1588614318.873][SEVERE]: Timed out receiving message from renderer: 0.100
[1588614318.978][SEVERE]: Timed out receiving message from renderer: 0.100
[1588614319.080][SEVERE]: Timed out receiving message from renderer: 0.100
[1588614319.214][SEVERE]: Timed out receiving message from renderer: 0.100
[1588614319.324][SEVERE]: Timed out receiving message from renderer: 0.100
[1588614319.455][SEVERE]: Timed out receiving message from renderer: 0.100
[1588614319.607][SEVERE]: Timed out receiving message from renderer: 0.100
[1588614319.741][SEVERE]: Timed out receiving message from renderer: 0.100
[1588614319.848][SEVERE]: Timed out receiving message from renderer: 0.100
[1588614320.087][SEVERE]: Timed out receiving message from renderer: 0.100
[1588614322.350][SEVERE]: Timed out receiving message from renderer: 0.100
[1588614322.519][SEVERE]: Timed out receiving message from renderer: 0.100
[1588614323.752][SEVERE]: Timed out receiving message from renderer: 0.100
[1588614324.169][SEVERE]: Timed out receiving message from renderer: 0.100
[1588614324.271][SEVERE]: Timed out receiving message from renderer: 0.100
[1588614324.385][SEVERE]: Timed out receiving message from renderer: 0.100
[1588614324.491][SEVERE]: Timed out receiving message from renderer: 0.100
[1588614324.594][SEVERE]: Timed out receiving message from renderer: 0.100
[1588614324.710][SEVERE]: Timed out receiving message from renderer: 0.100
[1588614324.818][SEVERE]: Timed out receiving message from renderer: 0.100
[1588614324.924][SEVERE]: Timed out receiving message from renderer: 0.100
[1588614325.045][SEVERE]: Timed out receiving message from renderer: 0.100
[1588614325.150][SEVERE]: Timed out receiving message from renderer: 0.100
[1588614325.252][SEVERE]: Timed out receiving message from renderer: 0.100
[1588614325.357][SEVERE]: Timed out receiving message from renderer: 0.100
[1588614325.482][SEVERE]: Timed out receiving message from renderer: 0.100
[1588614325.592][SEVERE]: Timed out receiving message from renderer: 0.100
[1588614325.800][SEVERE]: Timed out receiving message from renderer: 0.100
[1588614325.905][SEVERE]: Timed out receiving message from renderer: 0.100
[1588614326.007][SEVERE]: Timed out receiving message from renderer: 0.100
[1588614326.112][SEVERE]: Timed out receiving message from renderer: 0.100
[1588614326.214][SEVERE]: Timed out receiving message from renderer: 0.100
[1588614326.319][SEVERE]: Timed out receiving message from renderer: 0.100
[1588614326.565][SEVERE]: Timed out receiving message from renderer: 0.100
[1588614326.669][SEVERE]: Timed out receiving message from renderer: 0.100
[1588614326.792][SEVERE]: Timed out receiving message from renderer: 0.100
[1588614326.896][SEVERE]: Timed out receiving message from renderer: 0.100
[1588614327.004][SEVERE]: Timed out receiving message from renderer: 0.100
[1588614327.125][SEVERE]: Timed out receiving message from renderer: 0.100
[1588614327.237][SEVERE]: Timed out receiving message from renderer: 0.100
[1588614327.347][SEVERE]: Timed out receiving message from renderer: 0.100
[1588614327.451][SEVERE]: Timed out receiving message from renderer: 0.100
[1588614327.553][SEVERE]: Timed out receiving message from renderer: 0.100
[1588614328.009][SEVERE]: Timed out receiving message from renderer: 0.100
[1588614328.154][SEVERE]: Timed out receiving message from renderer: 0.100
]]></system-err>
  </testcase>
  <testcase name="loginTestTitle" classname="com.inetbanking.testcases.TC_LoginPageTest_001" time="3.596">
    <failure type="junit.framework.AssertionFailedError">junit.framework.AssertionFailedError
	at com.inetbanking.testcases.TC_LoginPageTest_001.loginTestTitle(TC_LoginPageTest_001.java:43)
</failure>
    <system-out><![CDATA[2020-05-04 23:15:35 INFO  ebanking:19 - URL is opened
2020-05-04 23:15:36 INFO  ebanking:24 - username is entered
2020-05-04 23:15:37 INFO  ebanking:28 - password is entered
2020-05-04 23:15:37 INFO  ebanking:32 - submit button is clicked
Screenshot taken
]]></system-out>
  </testcase>
  <testcase name="loginDDT" classname="com.inetbanking.testcases.TC_LoginPageTestDTT_002" time="16.774"/>
  <testcase name="loginDDT" classname="com.inetbanking.testcases.TC_LoginPageTestDTT_002" time="3.822">
    <failure message="unexpected alert open: {Alert text : User or Password is not valid}&#10;  (Session info: chrome=81.0.4044.129): User or Password is not valid&#10;Build info: version: &apos;3.141.59&apos;, revision: &apos;e82be7d358&apos;, time: &apos;2018-11-14T08:17:03&apos;&#10;System info: host: &apos;PUNITP352016D&apos;, ip: &apos;5.250.152.99&apos;, os.name: &apos;Windows 10&apos;, os.arch: &apos;amd64&apos;, os.version: &apos;10.0&apos;, java.version: &apos;1.8.0_202&apos;&#10;Driver info: org.openqa.selenium.chrome.ChromeDriver&#10;Capabilities {acceptInsecureCerts: true, browserName: chrome, browserVersion: 81.0.4044.129, chrome: {chromedriverVersion: 81.0.4044.69 (6813546031a4b..., userDataDir: C:\Users\dikshit.bangera\Ap...}, goog:chromeOptions: {debuggerAddress: localhost:55051}, javascriptEnabled: true, networkConnectionEnabled: false, pageLoadStrategy: normal, platform: WINDOWS, platformName: WINDOWS, proxy: Proxy(), setWindowRect: true, strictFileInteractability: false, timeouts: {implicit: 0, pageLoad: 300000, script: 30000}, unhandledPromptBehavior: dismiss and notify, webauthn:virtualAuthenticators: true}&#10;Session ID: c897a66a1d3e391e3441ea2e4f2380df" type="org.openqa.selenium.UnhandledAlertException">org.openqa.selenium.UnhandledAlertException: 
unexpected alert open: {Alert text : User or Password is not valid}
  (Session info: chrome=81.0.4044.129): User or Password is not valid
Build info: version: '3.141.59', revision: 'e82be7d358', time: '2018-11-14T08:17:03'
System info: host: 'PUNITP352016D', ip: '5.250.152.99', os.name: 'Windows 10', os.arch: 'amd64', os.version: '10.0', java.version: '1.8.0_202'
Driver info: org.openqa.selenium.chrome.ChromeDriver
Capabilities {acceptInsecureCerts: true, browserName: chrome, browserVersion: 81.0.4044.129, chrome: {chromedriverVersion: 81.0.4044.69 (6813546031a4b..., userDataDir: C:\Users\dikshit.bangera\Ap...}, goog:chromeOptions: {debuggerAddress: localhost:55051}, javascriptEnabled: true, networkConnectionEnabled: false, pageLoadStrategy: normal, platform: WINDOWS, platformName: WINDOWS, proxy: Proxy(), setWindowRect: true, strictFileInteractability: false, timeouts: {implicit: 0, pageLoad: 300000, script: 30000}, unhandledPromptBehavior: dismiss and notify, webauthn:virtualAuthenticators: true}
Session ID: c897a66a1d3e391e3441ea2e4f2380df
	at com.inetbanking.testcases.TC_LoginPageTestDTT_002.loginDDT(TC_LoginPageTestDTT_002.java:28)
</failure>
    <system-out><![CDATA[2020-05-04 23:16:34 INFO  ebanking:19 - Username entered
2020-05-04 23:16:34 INFO  ebanking:21 - password entered
2020-05-04 23:16:34 INFO  ebanking:23 - Submit button clicked
]]></system-out>
  </testcase>
  <testcase name="loginDDT" classname="com.inetbanking.testcases.TC_LoginPageTestDTT_002" time="5.703">
    <failure message="unexpected alert open: {Alert text : User or Password is not valid}&#10;  (Session info: chrome=81.0.4044.129): User or Password is not valid&#10;Build info: version: &apos;3.141.59&apos;, revision: &apos;e82be7d358&apos;, time: &apos;2018-11-14T08:17:03&apos;&#10;System info: host: &apos;PUNITP352016D&apos;, ip: &apos;5.250.152.99&apos;, os.name: &apos;Windows 10&apos;, os.arch: &apos;amd64&apos;, os.version: &apos;10.0&apos;, java.version: &apos;1.8.0_202&apos;&#10;Driver info: org.openqa.selenium.chrome.ChromeDriver&#10;Capabilities {acceptInsecureCerts: true, browserName: chrome, browserVersion: 81.0.4044.129, chrome: {chromedriverVersion: 81.0.4044.69 (6813546031a4b..., userDataDir: C:\Users\dikshit.bangera\Ap...}, goog:chromeOptions: {debuggerAddress: localhost:55051}, javascriptEnabled: true, networkConnectionEnabled: false, pageLoadStrategy: normal, platform: WINDOWS, platformName: WINDOWS, proxy: Proxy(), setWindowRect: true, strictFileInteractability: false, timeouts: {implicit: 0, pageLoad: 300000, script: 30000}, unhandledPromptBehavior: dismiss and notify, webauthn:virtualAuthenticators: true}&#10;Session ID: c897a66a1d3e391e3441ea2e4f2380df" type="org.openqa.selenium.UnhandledAlertException">org.openqa.selenium.UnhandledAlertException: 
unexpected alert open: {Alert text : User or Password is not valid}
  (Session info: chrome=81.0.4044.129): User or Password is not valid
Build info: version: '3.141.59', revision: 'e82be7d358', time: '2018-11-14T08:17:03'
System info: host: 'PUNITP352016D', ip: '5.250.152.99', os.name: 'Windows 10', os.arch: 'amd64', os.version: '10.0', java.version: '1.8.0_202'
Driver info: org.openqa.selenium.chrome.ChromeDriver
Capabilities {acceptInsecureCerts: true, browserName: chrome, browserVersion: 81.0.4044.129, chrome: {chromedriverVersion: 81.0.4044.69 (6813546031a4b..., userDataDir: C:\Users\dikshit.bangera\Ap...}, goog:chromeOptions: {debuggerAddress: localhost:55051}, javascriptEnabled: true, networkConnectionEnabled: false, pageLoadStrategy: normal, platform: WINDOWS, platformName: WINDOWS, proxy: Proxy(), setWindowRect: true, strictFileInteractability: false, timeouts: {implicit: 0, pageLoad: 300000, script: 30000}, unhandledPromptBehavior: dismiss and notify, webauthn:virtualAuthenticators: true}
Session ID: c897a66a1d3e391e3441ea2e4f2380df
	at com.inetbanking.testcases.TC_LoginPageTestDTT_002.loginDDT(TC_LoginPageTestDTT_002.java:28)
</failure>
    <system-out><![CDATA[2020-05-04 23:16:39 INFO  ebanking:19 - Username entered
2020-05-04 23:16:40 INFO  ebanking:21 - password entered
2020-05-04 23:16:40 INFO  ebanking:23 - Submit button clicked
]]></system-out>
    <system-err><![CDATA[[1588614399.065][SEVERE]: Timed out receiving message from renderer: 0.100
[1588614399.167][SEVERE]: Timed out receiving message from renderer: 0.100
[1588614399.273][SEVERE]: Timed out receiving message from renderer: 0.100
[1588614399.445][SEVERE]: Timed out receiving message from renderer: 0.100
[1588614399.553][SEVERE]: Timed out receiving message from renderer: 0.100
]]></system-err>
  </testcase>
  <testcase name="addcustomer" classname="com.inetbanking.testcases.TC_AddNewCustomer_003" time="10.655">
    <failure message="unexpected alert open: {Alert text : Customer could not be added !!}&#10;  (Session info: chrome=81.0.4044.129): Customer could not be added !!&#10;Build info: version: &apos;3.141.59&apos;, revision: &apos;e82be7d358&apos;, time: &apos;2018-11-14T08:17:03&apos;&#10;System info: host: &apos;PUNITP352016D&apos;, ip: &apos;5.250.152.99&apos;, os.name: &apos;Windows 10&apos;, os.arch: &apos;amd64&apos;, os.version: &apos;10.0&apos;, java.version: &apos;1.8.0_202&apos;&#10;Driver info: org.openqa.selenium.chrome.ChromeDriver&#10;Capabilities {acceptInsecureCerts: true, browserName: chrome, browserVersion: 81.0.4044.129, chrome: {chromedriverVersion: 81.0.4044.69 (6813546031a4b..., userDataDir: C:\Users\dikshit.bangera\Ap...}, goog:chromeOptions: {debuggerAddress: localhost:55370}, javascriptEnabled: true, networkConnectionEnabled: false, pageLoadStrategy: normal, platform: WINDOWS, platformName: WINDOWS, proxy: Proxy(), setWindowRect: true, strictFileInteractability: false, timeouts: {implicit: 0, pageLoad: 300000, script: 30000}, unhandledPromptBehavior: dismiss and notify, webauthn:virtualAuthenticators: true}&#10;Session ID: ef2c7f3d344e62bfdcdaa0e734225713" type="org.openqa.selenium.UnhandledAlertException">org.openqa.selenium.UnhandledAlertException: 
unexpected alert open: {Alert text : Customer could not be added !!}
  (Session info: chrome=81.0.4044.129): Customer could not be added !!
Build info: version: '3.141.59', revision: 'e82be7d358', time: '2018-11-14T08:17:03'
System info: host: 'PUNITP352016D', ip: '5.250.152.99', os.name: 'Windows 10', os.arch: 'amd64', os.version: '10.0', java.version: '1.8.0_202'
Driver info: org.openqa.selenium.chrome.ChromeDriver
Capabilities {acceptInsecureCerts: true, browserName: chrome, browserVersion: 81.0.4044.129, chrome: {chromedriverVersion: 81.0.4044.69 (6813546031a4b..., userDataDir: C:\Users\dikshit.bangera\Ap...}, goog:chromeOptions: {debuggerAddress: localhost:55370}, javascriptEnabled: true, networkConnectionEnabled: false, pageLoadStrategy: normal, platform: WINDOWS, platformName: WINDOWS, proxy: Proxy(), setWindowRect: true, strictFileInteractability: false, timeouts: {implicit: 0, pageLoad: 300000, script: 30000}, unhandledPromptBehavior: dismiss and notify, webauthn:virtualAuthenticators: true}
Session ID: ef2c7f3d344e62bfdcdaa0e734225713
	at com.inetbanking.testcases.TC_AddNewCustomer_003.addcustomer(TC_AddNewCustomer_003.java:44)
</failure>
    <system-out><![CDATA[log4j: System property is :null
log4j: Standard DocumentBuilderFactory search succeded.
log4j: DocumentBuilderFactory is: com.sun.org.apache.xerces.internal.jaxp.DocumentBuilderFactoryImpl
log4j: debug attribute= "true".
log4j: reset attribute= "false".
log4j: Threshold ="null".
log4j: Level value for root is  [debug].
log4j: root level set to DEBUG
log4j: Class name: [org.apache.log4j.ConsoleAppender]
log4j: Setting property [target] to [System.out].
log4j: Parsing layout of class: "org.apache.log4j.PatternLayout"
log4j: Setting property [conversionPattern] to [%d{yyyy-MM-dd HH:mm:ss} %-5p %c{1}:%L - %m%n].
log4j: Adding appender named [console] to category [root].
log4j: Class name: [org.apache.log4j.RollingFileAppender]
log4j: Setting property [file] to [demoApplication.log].
log4j: Parsing layout of class: "org.apache.log4j.PatternLayout"
log4j: Setting property [conversionPattern] to [%d{yyyy-MM-dd HH:mm:ss} %-5p %c{1}:%L - %m%n].
log4j: setFile called: demoApplication.log, true
log4j: setFile ended
log4j: Adding appender named [fileAppender] to category [root].
2020-05-04 23:17:18 INFO  ebanking:21 - username is entered
2020-05-04 23:17:18 INFO  ebanking:23 - password is entered
2020-05-04 23:17:21 INFO  ebanking:28 - Adding new customer information........
2020-05-04 23:17:28 INFO  ebanking:42 - validation started....
]]></system-out>
    <system-err><![CDATA[Starting ChromeDriver 81.0.4044.69 (6813546031a4bc83f717a2ef7cd4ac6ec1199132-refs/branch-heads/4044@{#776}) on port 18489
Only local connections are allowed.
Please protect ports used by ChromeDriver and related test frameworks to prevent access by malicious code.
May 04, 2020 11:16:55 PM org.openqa.selenium.remote.ProtocolHandshake createSession
INFO: Detected dialect: W3C
Starting ChromeDriver 81.0.4044.69 (6813546031a4bc83f717a2ef7cd4ac6ec1199132-refs/branch-heads/4044@{#776}) on port 16938
Only local connections are allowed.
Please protect ports used by ChromeDriver and related test frameworks to prevent access by malicious code.
May 04, 2020 11:17:02 PM org.openqa.selenium.remote.ProtocolHandshake createSession
INFO: Detected dialect: W3C
[1588614427.774][SEVERE]: Timed out receiving message from renderer: 0.100
[1588614427.878][SEVERE]: Timed out receiving message from renderer: 0.100
[1588614427.980][SEVERE]: Timed out receiving message from renderer: 0.100
[1588614428.153][SEVERE]: Timed out receiving message from renderer: 0.100
[1588614428.254][SEVERE]: Timed out receiving message from renderer: 0.100
[1588614428.356][SEVERE]: Timed out receiving message from renderer: 0.100
[1588614428.458][SEVERE]: Timed out receiving message from renderer: 0.100
[1588614428.562][SEVERE]: Timed out receiving message from renderer: 0.100
[1588614428.665][SEVERE]: Timed out receiving message from renderer: 0.100
[1588614428.784][SEVERE]: Timed out receiving message from renderer: 0.100
[1588614428.895][SEVERE]: Timed out receiving message from renderer: 0.100
[1588614429.002][SEVERE]: Timed out receiving message from renderer: 0.100
[1588614429.120][SEVERE]: Timed out receiving message from renderer: 0.100
[1588614429.224][SEVERE]: Timed out receiving message from renderer: 0.100
[1588614429.326][SEVERE]: Timed out receiving message from renderer: 0.100
[1588614429.428][SEVERE]: Timed out receiving message from renderer: 0.100
[1588614429.533][SEVERE]: Timed out receiving message from renderer: 0.100
[1588614429.636][SEVERE]: Timed out receiving message from renderer: 0.100
[1588614429.738][SEVERE]: Timed out receiving message from renderer: 0.100
[1588614429.842][SEVERE]: Timed out receiving message from renderer: 0.100
[1588614429.946][SEVERE]: Timed out receiving message from renderer: 0.100
[1588614430.051][SEVERE]: Timed out receiving message from renderer: 0.100
[1588614430.153][SEVERE]: Timed out receiving message from renderer: 0.100
[1588614430.256][SEVERE]: Timed out receiving message from renderer: 0.100
[1588614430.363][SEVERE]: Timed out receiving message from renderer: 0.100
[1588614430.465][SEVERE]: Timed out receiving message from renderer: 0.100
[1588614430.604][SEVERE]: Timed out receiving message from renderer: 0.100
[1588614430.795][SEVERE]: Timed out receiving message from renderer: 0.100
[1588614433.790][SEVERE]: Timed out receiving message from renderer: 0.100
[1588614433.892][SEVERE]: Timed out receiving message from renderer: 0.100
[1588614433.998][SEVERE]: Timed out receiving message from renderer: 0.100
[1588614434.099][SEVERE]: Timed out receiving message from renderer: 0.100
[1588614434.201][SEVERE]: Timed out receiving message from renderer: 0.100
[1588614434.303][SEVERE]: Timed out receiving message from renderer: 0.100
[1588614434.407][SEVERE]: Timed out receiving message from renderer: 0.100
[1588614434.510][SEVERE]: Timed out receiving message from renderer: 0.100
[1588614434.613][SEVERE]: Timed out receiving message from renderer: 0.100
[1588614434.714][SEVERE]: Timed out receiving message from renderer: 0.100
[1588614434.817][SEVERE]: Timed out receiving message from renderer: 0.100
[1588614434.927][SEVERE]: Timed out receiving message from renderer: 0.100
[1588614435.031][SEVERE]: Timed out receiving message from renderer: 0.100
[1588614435.988][SEVERE]: Timed out receiving message from renderer: 0.100
[1588614436.092][SEVERE]: Timed out receiving message from renderer: 0.100
[1588614436.194][SEVERE]: Timed out receiving message from renderer: 0.100
[1588614436.297][SEVERE]: Timed out receiving message from renderer: 0.100
[1588614436.400][SEVERE]: Timed out receiving message from renderer: 0.100
[1588614436.503][SEVERE]: Timed out receiving message from renderer: 0.100
[1588614436.636][SEVERE]: Timed out receiving message from renderer: 0.100
[1588614436.741][SEVERE]: Timed out receiving message from renderer: 0.100
[1588614436.858][SEVERE]: Timed out receiving message from renderer: 0.100
[1588614436.973][SEVERE]: Timed out receiving message from renderer: 0.100
[1588614437.077][SEVERE]: Timed out receiving message from renderer: 0.100
[1588614437.185][SEVERE]: Timed out receiving message from renderer: 0.100
[1588614437.295][SEVERE]: Timed out receiving message from renderer: 0.100
[1588614437.400][SEVERE]: Timed out receiving message from renderer: 0.100
[1588614437.507][SEVERE]: Timed out receiving message from renderer: 0.100
[1588614437.611][SEVERE]: Timed out receiving message from renderer: 0.100
[1588614437.725][SEVERE]: Timed out receiving message from renderer: 0.100
[1588614437.831][SEVERE]: Timed out receiving message from renderer: 0.100
[1588614437.935][SEVERE]: Timed out receiving message from renderer: 0.100
[1588614438.049][SEVERE]: Timed out receiving message from renderer: 0.100
[1588614438.224][SEVERE]: Timed out receiving message from renderer: 0.100
[1588614440.324][SEVERE]: Timed out receiving message from renderer: 0.100
[1588614440.427][SEVERE]: Timed out receiving message from renderer: 0.100
[1588614440.537][SEVERE]: Timed out receiving message from renderer: 0.100
[1588614441.526][SEVERE]: Timed out receiving message from renderer: 0.100
]]></system-err>
  </testcase>
</testsuite>