<?xml version="1.0" encoding="UTF-8"?>
<!-- Generated by org.testng.reporters.JUnitReportReporter -->
<testsuite skipped="0" hostname="PUNITP352016D" name="com.inetbanking.testcases.TC_AddNewCustomer_003" tests="1" failures="0" timestamp="2020-05-04T20:43:45 IST" time="14.551" errors="0">
  <testcase name="addcustomer" time="14.551" classname="com.inetbanking.testcases.TC_AddNewCustomer_003"/>
</testsuite> <!-- com.inetbanking.testcases.TC_AddNewCustomer_003 -->
